"D:/workspace/UE4_project/DedicatedServerTest/DedicatedServerTest.uproject" 1
"../../../Engine/Plugins/2D/Paper2D/Paper2D.uplugin" 2
"../../../Engine/Plugins/Blendables/LightPropagationVolume/LightPropagationVolume.uplugin" 3
"../../../Engine/Plugins/Developer/BlankPlugin/BlankPlugin.uplugin" 4
"../../../Engine/Plugins/Developer/CodeLiteSourceCodeAccess/CodeLiteSourceCodeAccess.uplugin" 5
"../../../Engine/Plugins/Developer/GitSourceControl/GitSourceControl.uplugin" 6
"../../../Engine/Plugins/Developer/KDevelopSourceCodeAccess/KDevelopSourceCodeAccess.uplugin" 7
"../../../Engine/Plugins/Developer/NullSourceCodeAccess/NullSourceCodeAccess.uplugin" 8
"../../../Engine/Plugins/Developer/OneSkyLocalizationService/OneSkyLocalizationService.uplugin" 9
"../../../Engine/Plugins/Developer/PerforceSourceControl/PerforceSourceControl.uplugin" 10
"../../../Engine/Plugins/Developer/SubversionSourceControl/SubversionSourceControl.uplugin" 11
"../../../Engine/Plugins/Developer/UObjectPlugin/UObjectPlugin.uplugin" 12
"../../../Engine/Plugins/Developer/VisualStudioSourceCodeAccess/VisualStudioSourceCodeAccess.uplugin" 13
"../../../Engine/Plugins/Developer/XCodeSourceCodeAccess/XCodeSourceCodeAccess.uplugin" 14
"../../../Engine/Plugins/Editor/EpicSurvey/EpicSurvey.uplugin" 15
"../../../Engine/Plugins/Editor/MacGraphicsSwitching/MacGraphicsSwitching.uplugin" 16
"../../../Engine/Plugins/Editor/MobileLauncherProfileWizard/MobileLauncherProfileWizard.uplugin" 17
"../../../Engine/Plugins/Editor/PluginBrowser/PluginBrowser.uplugin" 18
"../../../Engine/Plugins/Editor/SpeedTreeImporter/SpeedTreeImporter.uplugin" 19
"../../../Engine/Plugins/Editor/SuperSearchEditor/SuperSearchEditor.uplugin" 20
"../../../Engine/Plugins/Experimental/AlembicImporter/AlembicImporter.uplugin" 21
"../../../Engine/Plugins/Experimental/BlueprintStats/BlueprintStats.uplugin" 22
"../../../Engine/Plugins/Experimental/CharacterAI/CharacterAI.uplugin" 23
"../../../Engine/Plugins/Experimental/CodeEditor/CodeEditor.uplugin" 24
"../../../Engine/Plugins/Experimental/CodeView/CodeView.uplugin" 25
"../../../Engine/Plugins/Experimental/HTML5Networking/HTML5Networking.uplugin" 26
"../../../Engine/Plugins/Experimental/LiveEditor/LiveEditor.uplugin" 27
"../../../Engine/Plugins/Experimental/OSVR/OSVR.uplugin" 28
"../../../Engine/Plugins/Experimental/Phya/Phya.uplugin" 29
"../../../Engine/Plugins/Experimental/SignificanceManager/SignificanceManager.uplugin" 30
"../../../Engine/Plugins/Experimental/SimpleHMD/SimpleHMD.uplugin" 31
"../../../Engine/Plugins/Experimental/StereoPanorama/StereoPanorama.uplugin" 32
"../../../Engine/Plugins/Experimental/StructBox/StructBox.uplugin" 33
"../../../Engine/Plugins/Media/AndroidMedia/AndroidMedia.uplugin" 34
"../../../Engine/Plugins/Media/AvfMedia/AvfMedia.uplugin" 35
"../../../Engine/Plugins/Media/MediaPlayerEditor/MediaPlayerEditor.uplugin" 36
"../../../Engine/Plugins/Media/WmfMedia/WmfMedia.uplugin" 37
"../../../Engine/Plugins/Messaging/MessagingDebugger/MessagingDebugger.uplugin" 38
"../../../Engine/Plugins/Messaging/TcpMessaging/TcpMessaging.uplugin" 39
"../../../Engine/Plugins/Messaging/UdpMessaging/UdpMessaging.uplugin" 40
"../../../Engine/Plugins/MovieScene/LevelSequenceEditor/LevelSequenceEditor.uplugin" 41
"../../../Engine/Plugins/MovieScene/MatineeToLevelSequence/MatineeToLevelSequence.uplugin" 42
"../../../Engine/Plugins/NetcodeUnitTest/NetcodeUnitTest/NetcodeUnitTest.uplugin" 43
"../../../Engine/Plugins/NetcodeUnitTest/NUTUnrealEngine4/NUTUnrealEngine4.uplugin" 44
"../../../Engine/Plugins/Online/Android/OnlineSubsystemGooglePlay/OnlineSubsystemGooglePlay.uplugin" 45
"../../../Engine/Plugins/Online/IOS/OnlineSubsystemIOS/OnlineSubsystemIOS.uplugin" 46
"../../../Engine/Plugins/Online/OnlineFramework/OnlineFramework.uplugin" 47
"../../../Engine/Plugins/Online/OnlineSubsystem/OnlineSubsystem.uplugin" 48
"../../../Engine/Plugins/Online/OnlineSubsystemAmazon/OnlineSubsystemAmazon.uplugin" 49
"../../../Engine/Plugins/Online/OnlineSubsystemFacebook/OnlineSubsystemFacebook.uplugin" 50
"../../../Engine/Plugins/Online/OnlineSubsystemNull/OnlineSubsystemNull.uplugin" 51
"../../../Engine/Plugins/Online/OnlineSubsystemOculus/OnlineSubsystemOculus.uplugin" 52
"../../../Engine/Plugins/Online/OnlineSubsystemSteam/OnlineSubsystemSteam.uplugin" 53
"../../../Engine/Plugins/Online/OnlineSubsystemUtils/OnlineSubsystemUtils.uplugin" 54
"../../../Engine/Plugins/Runtime/Advertising/IOSTapJoy/IOSTapJoy.uplugin" 55
"../../../Engine/Plugins/Runtime/Analytics/AnalyticsBlueprintLibrary/AnalyticsBlueprintLibrary.uplugin" 56
"../../../Engine/Plugins/Runtime/Analytics/AnalyticsMulticast/AnalyticsMulticast.uplugin" 57
"../../../Engine/Plugins/Runtime/Analytics/Apsalar/Apsalar.uplugin" 58
"../../../Engine/Plugins/Runtime/Analytics/FileLogging/FileLogging.uplugin" 59
"../../../Engine/Plugins/Runtime/Analytics/Flurry/Flurry.uplugin" 60
"../../../Engine/Plugins/Runtime/AndroidDeviceProfileSelector/AndroidDeviceProfileSelector.uplugin" 61
"../../../Engine/Plugins/Runtime/AndroidMoviePlayer/AndroidMoviePlayer.uplugin" 62
"../../../Engine/Plugins/Runtime/AppleMoviePlayer/AppleMoviePlayer.uplugin" 63
"../../../Engine/Plugins/Runtime/ArchVisCharacter/ArchVisCharacter.uplugin" 64
"../../../Engine/Plugins/Runtime/CableComponent/CableComponent.uplugin" 65
"../../../Engine/Plugins/Runtime/CustomMeshComponent/CustomMeshComponent.uplugin" 66
"../../../Engine/Plugins/Runtime/ExampleDeviceProfileSelector/ExampleDeviceProfileSelector.uplugin" 67
"../../../Engine/Plugins/Runtime/GearVR/GearVR.uplugin" 68
"../../../Engine/Plugins/Runtime/GoogleVR/GoogleVRController/GoogleVRController.uplugin" 69
"../../../Engine/Plugins/Runtime/GoogleVR/GoogleVRHMD/GoogleVRHMD.uplugin" 70
"../../../Engine/Plugins/Runtime/IOSDeviceProfileSelector/IOSDeviceProfileSelector.uplugin" 71
"../../../Engine/Plugins/Runtime/LeapMotion/LeapMotion.uplugin" 72
"../../../Engine/Plugins/Runtime/LinuxDeviceProfileSelector/LinuxDeviceProfileSelector.uplugin" 73
"../../../Engine/Plugins/Runtime/LiveEditorListenServer/LiveEditorListenServer.uplugin" 74
"../../../Engine/Plugins/Runtime/OculusAudio/OculusAudio.uplugin" 75
"../../../Engine/Plugins/Runtime/OculusInput/OculusInput.uplugin" 76
"../../../Engine/Plugins/Runtime/OculusLibrary/OculusLibrary.uplugin" 77
"../../../Engine/Plugins/Runtime/OculusRift/OculusRift.uplugin" 78
"../../../Engine/Plugins/Runtime/PacketHandlers/CompressionComponents/Oodle/Oodle.uplugin" 79
"../../../Engine/Plugins/Runtime/ProceduralMeshComponent/ProceduralMeshComponent.uplugin" 80
"../../../Engine/Plugins/Runtime/SoundMod/SoundMod.uplugin" 81
"../../../Engine/Plugins/Runtime/SoundVisualizations/SoundVisualizations.uplugin" 82
"../../../Engine/Plugins/Runtime/Steam/SteamController/SteamController.uplugin" 83
"../../../Engine/Plugins/Runtime/Steam/SteamVR/SteamVR.uplugin" 84
"../../../Engine/Plugins/Runtime/TwitchLiveStreaming/TwitchLiveStreaming.uplugin" 85
"../../../Engine/Plugins/Runtime/WebBrowserWidget/WebBrowserWidget.uplugin" 86
"../../../Engine/Plugins/Runtime/WindowsDeviceProfileSelector/WindowsDeviceProfileSelector.uplugin" 87
"../../../Engine/Plugins/Runtime/WindowsMoviePlayer/WindowsMoviePlayer.uplugin" 88
"../../../Engine/Plugins/ScriptPlugin/ScriptPlugin.uplugin" 89
"../../../Engine/Plugins/Slate/SlateRemote/SlateRemote.uplugin" 90
"..\..\..\Engine\Content\Internationalization\icudt53l\cnvalias.icu" 91
"..\..\..\Engine\Content\Internationalization\icudt53l\res_index.res" 92
"..\..\..\Engine\Content\Internationalization\icudt53l\plurals.res" 93
"..\..\..\Engine\Content\Internationalization\icudt53l\lang\zh_TW.res" 94
"..\..\..\Engine\Content\Internationalization\icudt53l\lang\pool.res" 95
"..\..\..\Engine\Content\Internationalization\icudt53l\lang\zh_Hant_TW.res" 96
"..\..\..\Engine\Content\Internationalization\icudt53l\lang\zh_Hant.res" 97
"..\..\..\Engine\Content\Internationalization\icudt53l\lang\root.res" 98
"..\..\..\Engine\Content\Internationalization\icudt53l\region\zh_TW.res" 99
"..\..\..\Engine\Content\Internationalization\icudt53l\region\pool.res" 100
"..\..\..\Engine\Content\Internationalization\icudt53l\region\zh_Hant_TW.res" 101
"..\..\..\Engine\Content\Internationalization\icudt53l\region\zh_Hant.res" 102
"..\..\..\Engine\Content\Internationalization\icudt53l\region\root.res" 103
"..\..\..\Engine\Content\Internationalization\icudt53l\lang\en.res" 104
"..\..\..\Engine\Content\Internationalization\icudt53l\region\en.res" 105
"..\..\..\Engine\Content\Internationalization\icudt53l\zh_TW.res" 106
"..\..\..\Engine\Content\Internationalization\icudt53l\pool.res" 107
"..\..\..\Engine\Content\Internationalization\icudt53l\zh_Hant_TW.res" 108
"..\..\..\Engine\Content\Internationalization\icudt53l\zh_Hant.res" 109
"..\..\..\Engine\Content\Internationalization\icudt53l\root.res" 110
"..\..\..\Engine\Content\Internationalization\icudt53l\zoneinfo64.res" 111
"../../../Engine/Saved/Config/Windows/Manifest.ini" 112
"../../../Engine/Config/Base.ini" 113
"../../../Engine/Config/BaseEngine.ini" 114
"D:/workspace/UE4_project/DedicatedServerTest/Config/DefaultEngine.ini" 115
"../../../Engine/Config/Windows/WindowsEngine.ini" 116
"../../../Engine/Config/BaseGame.ini" 117
"D:/workspace/UE4_project/DedicatedServerTest/Config/DefaultGame.ini" 118
"../../../Engine/Config/BaseInput.ini" 119
"../../../Engine/Config/BaseEditor.ini" 120
"D:/workspace/UE4_project/DedicatedServerTest/Config/DefaultEditor.ini" 121
"../../../Engine/Config/BaseEditorPerProjectUserSettings.ini" 122
"../../../Engine/Config/BaseEditorSettings.ini" 123
"../../../Engine/Saved/Config/Windows/EditorSettings.ini" 124
"../../../Engine/Config/BaseEditorLayout.ini" 125
"../../../Engine/Saved/Config/Windows/EditorLayout.ini" 126
"../../../Engine/Config/BaseEditorKeyBindings.ini" 127
"../../../Engine/Saved/Config/Windows/EditorKeyBindings.ini" 128
"../../../Engine/Config/BaseCompat.ini" 129
"../../../Engine/Config/BaseLightmass.ini" 130
"../../../Engine/Config/BaseScalability.ini" 131
"../../../Engine/Config/BaseHardware.ini" 132
